Building DAG of jobs...
Using shell: /usr/bin/bash
Provided cores: 12
Rules claiming more threads will be scaled down.
Job stats:
job             count    min threads    max threads
------------  -------  -------------  -------------
all                 1              1              1
download_sra        6              1              1
total               7              1              1

Select jobs to execute...

[Fri Sep  6 13:16:27 2024]
rule download_sra:
    output: data/wz/sra/SRR12868134.sra
    jobid: 2
    wildcards: output_dir=data/wz, accession=SRR12868134
    resources: tmpdir=/tmp


[Fri Sep  6 13:16:27 2024]
rule download_sra:
    output: data/wz/sra/SRR12868130.sra
    jobid: 4
    wildcards: output_dir=data/wz, accession=SRR12868130
    resources: tmpdir=/tmp


[Fri Sep  6 13:16:27 2024]
rule download_sra:
    output: data/wz/sra/SRR12868149.sra
    jobid: 6
    wildcards: output_dir=data/wz, accession=SRR12868149
    resources: tmpdir=/tmp


[Fri Sep  6 13:16:27 2024]
rule download_sra:
    output: data/wz/sra/SRR12868133.sra
    jobid: 1
    wildcards: output_dir=data/wz, accession=SRR12868133
    resources: tmpdir=/tmp


[Fri Sep  6 13:16:27 2024]
rule download_sra:
    output: data/wz/sra/SRR12868137.sra
    jobid: 3
    wildcards: output_dir=data/wz, accession=SRR12868137
    resources: tmpdir=/tmp


[Fri Sep  6 13:16:27 2024]
rule download_sra:
    output: data/wz/sra/SRR12868139.sra
    jobid: 5
    wildcards: output_dir=data/wz, accession=SRR12868139
    resources: tmpdir=/tmp

Waiting at most 5 seconds for missing files.
MissingOutputException in line 9 of /home/pc-cito/Documents/master/thesis/WYtigger/Snakefile:
Job Missing files after 5 seconds:
data/wz/sra/SRR12868133.sra
This might be due to filesystem latency. If that is the case, consider to increase the wait time with --latency-wait.
Job id: 1 completed successfully, but some output files are missing. 1
Waiting at most 5 seconds for missing files.
MissingOutputException in line 9 of /home/pc-cito/Documents/master/thesis/WYtigger/Snakefile:
Job Missing files after 5 seconds:
data/wz/sra/SRR12868133.sra
This might be due to filesystem latency. If that is the case, consider to increase the wait time with --latency-wait.
Job id: 1 completed successfully, but some output files are missing. 1
