Building DAG of jobs...
Using shell: /usr/bin/bash
Provided cores: 1 (use --cores to define parallelism)
Rules claiming more threads will be scaled down.
Job stats:
job             count    min threads    max threads
------------  -------  -------------  -------------
all                 1              1              1
download_sra        6              1              1
total               7              1              1

Select jobs to execute...

[Fri Sep  6 13:05:51 2024]
rule download_sra:
    output: data/wz/sra/SRR12868139.sra
    jobid: 5
    wildcards: output_dir=data/wz, accession=SRR12868139
    resources: tmpdir=/tmp

Terminating processes on user request, this might take some time.
[Fri Sep  6 13:15:40 2024]
Error in rule download_sra:
    jobid: 5
    output: data/wz/sra/SRR12868139.sra
    shell:
        
        prefetch SRR12868139 -o data/wz/sra/SRR12868139.sra
        
        (one of the commands exited with non-zero exit code; note that snakemake uses bash strict mode!)

Complete log: /home/pc-cito/Documents/master/thesis/WYtigger/.snakemake/log/2024-09-06T130550.967604.snakemake.log
